<?xml version="1.0" encoding="UTF-8"?>
<!-- Generated by org.testng.reporters.JUnitXMLReporter -->
<testsuite ignored="9" hostname="Damjan" failures="0" tests="1" name="Default test" time="4.925" errors="0" timestamp="2025-02-12T00:52:13 CET">
  <testcase classname="projectAutomaticity.TestPage" name="testCase10" time="1.468"/>
  <testcase classname="projectAutomaticity.TestPage" name="testCase3" time="0.0">
    <ignored/>
  </testcase> <!-- testCase3 -->
  <testcase classname="projectAutomaticity.TestPage" name="testCase4" time="0.0">
    <ignored/>
  </testcase> <!-- testCase4 -->
  <testcase classname="projectAutomaticity.TestPage" name="testCase9" time="0.0">
    <ignored/>
  </testcase> <!-- testCase9 -->
  <testcase classname="projectAutomaticity.TestPage" name="testCase2" time="0.0">
    <ignored/>
  </testcase> <!-- testCase2 -->
  <testcase classname="projectAutomaticity.TestPage" name="testCase7" time="0.0">
    <ignored/>
  </testcase> <!-- testCase7 -->
  <testcase classname="projectAutomaticity.TestPage" name="testCase8" time="0.0">
    <ignored/>
  </testcase> <!-- testCase8 -->
  <testcase classname="projectAutomaticity.TestPage" name="testCase6" time="0.0">
    <ignored/>
  </testcase> <!-- testCase6 -->
  <testcase classname="projectAutomaticity.TestPage" name="testCase1" time="0.0">
    <ignored/>
  </testcase> <!-- testCase1 -->
  <testcase classname="projectAutomaticity.TestPage" name="testCase5" time="0.0">
    <ignored/>
  </testcase> <!-- testCase5 -->
</testsuite> <!-- Default test -->
